<?xml version="1.0" encoding="UTF-8"?>
<!-- Generated by org.testng.reporters.JUnitReportReporter -->
<testsuite hostname="DESKTOP-E4BR854" failures="0" tests="1" name="testRaghav.TestNG_googleSearch_Demo" time="14.251" errors="0" timestamp="2021-11-25T03:55:05 IST" skipped="0">
  <testcase classname="testRaghav.TestNG_googleSearch_Demo" name="GoogleSearch" time="14.251"/>
  <system-out/>
</testsuite> <!-- testRaghav.TestNG_googleSearch_Demo -->
