<?xml version="1.0" encoding="UTF-8"?>
<!-- Generated by org.testng.reporters.JUnitReportReporter -->
<testsuite hostname="DESKTOP-E4BR854" failures="0" tests="1" name="excel.ExcelDataProviderForTestNG" time="0.000" errors="0" timestamp="2021-12-01T03:12:30 IST" skipped="1">
  <testcase classname="excel.ExcelDataProviderForTestNG" name="test1" time="0.000">
    <skipped/>
  </testcase> <!-- test1 -->
  <system-out/>
</testsuite> <!-- excel.ExcelDataProviderForTestNG -->
