<?xml version="1.0" encoding="UTF-8"?>
<!-- Generated by org.testng.reporters.JUnitReportReporter -->
<testsuite hostname="DESKTOP-E4BR854" failures="0" tests="4" name="testNgGrouping.Grouping" time="0.022" errors="0" timestamp="2021-12-01T21:23:41 IST" skipped="0">
  <testcase classname="testNgGrouping.Grouping" name="test2" time="0.006"/>
  <system-out/>
  <testcase classname="testNgGrouping.Grouping" name="test1" time="0.006"/>
  <system-out/>
  <testcase classname="testNgGrouping.Grouping" name="test4" time="0.003"/>
  <system-out/>
  <testcase classname="testNgGrouping.Grouping" name="test3" time="0.007"/>
  <system-out/>
</testsuite> <!-- testNgGrouping.Grouping -->
