<?xml version="1.0" encoding="UTF-8"?>
<!-- Generated by org.testng.reporters.JUnitReportReporter -->
<testsuite hostname="DESKTOP-E4BR854" failures="0" tests="1" name="testNgParameter.Parameter" time="0.014" errors="0" timestamp="2021-12-01T20:46:13 IST" skipped="0">
  <testcase classname="testNgParameter.Parameter" name="test" time="0.014"/>
  <system-out/>
</testsuite> <!-- testNgParameter.Parameter -->
