<?xml version="1.0" encoding="UTF-8"?>
<!-- Generated by org.testng.reporters.JUnitReportReporter -->
<testsuite hostname="DESKTOP-E4BR854" failures="0" tests="1" name="testRaghav.ExtentReportsUsingTestNG" time="5.514" errors="0" timestamp="2021-11-29T02:25:50 IST" skipped="0">
  <testcase classname="testRaghav.ExtentReportsUsingTestNG" name="test1" time="5.514"/>
  <system-out/>
</testsuite> <!-- testRaghav.ExtentReportsUsingTestNG -->
