<?xml version="1.0" encoding="UTF-8"?>
<!-- Generated by org.testng.reporters.JUnitReportReporter -->
<testsuite hostname="DESKTOP-E4BR854" failures="0" tests="3" name="testNgPriority.TestNgPriority" time="0.019" errors="0" timestamp="2021-12-01T12:41:14 IST" skipped="0">
  <testcase classname="testNgPriority.TestNgPriority" name="test3" time="0.017"/>
  <system-out/>
  <testcase classname="testNgPriority.TestNgPriority" name="test1" time="0.001"/>
  <system-out/>
  <testcase classname="testNgPriority.TestNgPriority" name="test2" time="0.001"/>
  <system-out/>
</testsuite> <!-- testNgPriority.TestNgPriority -->
