<?xml version="1.0" encoding="UTF-8"?>
<!-- Generated by org.testng.reporters.JUnitReportReporter -->
<testsuite hostname="DESKTOP-E4BR854" failures="0" tests="3" name="testNgDependencies.TestNgDependencyDemo2" time="0.023" errors="0" timestamp="2021-12-01T21:24:36 IST" skipped="0">
  <testcase classname="testNgDependencies.TestNgDependencyDemo2" name="test2" time="0.017"/>
  <system-out/>
  <testcase classname="testNgDependencies.TestNgDependencyDemo2" name="test3" time="0.002"/>
  <system-out/>
  <testcase classname="testNgDependencies.TestNgDependencyDemo2" name="test1" time="0.004"/>
  <system-out/>
</testsuite> <!-- testNgDependencies.TestNgDependencyDemo2 -->
